TN:
SF:app.js
FN:17,(anonymous_0)
FN:22,(anonymous_1)
FNF:2
FNH:0
FNDA:0,(anonymous_0)
FNDA:0,(anonymous_1)
DA:3,1
DA:4,1
DA:5,1
DA:6,1
DA:7,1
DA:9,1
DA:10,1
DA:12,1
DA:13,1
DA:17,1
DA:18,0
DA:22,1
DA:23,0
DA:24,0
DA:25,0
DA:26,0
DA:27,0
DA:32,1
LF:18
LH:12
BRDA:24,0,0,0
BRDA:24,0,1,0
BRDA:26,1,0,0
BRDA:26,1,1,0
BRF:4
BRH:0
end_of_record
TN:
SF:db.js
FNF:0
FNH:0
DA:3,1
DA:5,1
DA:9,1
DA:13,1
DA:15,1
LF:5
LH:5
BRDA:5,0,0,1
BRDA:5,0,1,0
BRF:2
BRH:1
end_of_record
TN:
SF:expressError.js
FN:8,(anonymous_0)
FN:18,(anonymous_1)
FN:26,(anonymous_2)
FN:34,(anonymous_3)
FN:42,(anonymous_4)
FNF:5
FNH:0
FNDA:0,(anonymous_0)
FNDA:0,(anonymous_1)
FNDA:0,(anonymous_2)
FNDA:0,(anonymous_3)
FNDA:0,(anonymous_4)
DA:9,0
DA:10,0
DA:11,0
DA:19,0
DA:27,0
DA:35,0
DA:43,0
DA:47,1
LF:8
LH:1
BRDA:18,0,0,0
BRDA:26,1,0,0
BRDA:34,2,0,0
BRDA:42,3,0,0
BRF:4
BRH:0
end_of_record
TN:
SF:routes/companies.js
FN:10,(anonymous_0)
FN:18,(anonymous_1)
FN:36,(anonymous_2)
FN:42,(anonymous_3)
FN:54,(anonymous_4)
FN:72,(anonymous_5)
FNF:6
FNH:1
FNDA:1,(anonymous_0)
FNDA:0,(anonymous_1)
FNDA:0,(anonymous_2)
FNDA:0,(anonymous_3)
FNDA:0,(anonymous_4)
FNDA:0,(anonymous_5)
DA:3,1
DA:4,1
DA:5,1
DA:6,1
DA:7,1
DA:10,1
DA:11,1
DA:14,1
DA:15,1
DA:18,1
DA:19,0
DA:20,0
DA:24,0
DA:25,0
DA:26,0
DA:29,0
DA:31,0
DA:36,0
DA:37,0
DA:39,0
DA:42,1
DA:43,0
DA:44,0
DA:50,0
DA:51,0
DA:54,1
DA:55,0
DA:56,0
DA:58,0
DA:65,0
DA:66,0
DA:67,0
DA:69,0
DA:72,1
DA:73,0
DA:74,0
DA:79,0
DA:81,0
DA:82,0
DA:84,0
DA:87,1
LF:41
LH:14
BRDA:25,0,0,0
BRDA:25,0,1,0
BRDA:66,1,0,0
BRDA:66,1,1,0
BRDA:81,2,0,0
BRDA:81,2,1,0
BRF:6
BRH:0
end_of_record
TN:
SF:routes/invoices.js
FN:10,(anonymous_0)
FN:21,(anonymous_1)
FN:48,(anonymous_2)
FN:63,(anonymous_3)
FN:83,(anonymous_4)
FNF:5
FNH:0
FNDA:0,(anonymous_0)
FNDA:0,(anonymous_1)
FNDA:0,(anonymous_2)
FNDA:0,(anonymous_3)
FNDA:0,(anonymous_4)
DA:3,1
DA:4,1
DA:5,1
DA:6,1
DA:7,1
DA:10,1
DA:11,0
DA:15,0
DA:17,0
DA:21,1
DA:22,0
DA:23,0
DA:28,0
DA:30,0
DA:31,0
DA:33,0
DA:35,0
DA:40,0
DA:42,0
DA:44,0
DA:48,1
DA:49,0
DA:51,0
DA:57,0
DA:59,0
DA:63,1
DA:64,0
DA:65,0
DA:67,0
DA:74,0
DA:76,0
DA:77,0
DA:79,0
DA:83,1
DA:84,0
DA:86,0
DA:91,0
DA:93,0
DA:94,0
DA:97,0
DA:100,1
LF:41
LH:11
BRDA:30,0,0,0
BRDA:30,0,1,0
BRDA:76,1,0,0
BRDA:76,1,1,0
BRDA:93,2,0,0
BRDA:93,2,1,0
BRF:6
BRH:0
end_of_record
